  dllmain.cpp
  mediacodecAPI.cpp
  G711.c
  acelp_ca.c
  basic_op.c
  bits.c
  coder.c
  cod_ld8a.c
  cor_func.c
  dec_gain.c
  dec_lag3.c
  dec_ld8a.c
  de_acelp.c
  dspfunc.c
  filter.c
  gainpred.c
  lpc.c
  lpcfunc.c
  lspdec.c
  lspgetq.c
  oper_32b.c
  o_parity.c
  正在编译...
  pitch_a.c
  postfilt.c
  post_pro.c
  pred_lt3.c
  pre_proc.c
  qua_gain.c
  qua_lsp.c
  tab_ld8a.c
  taming.c
  util.c
    正在创建库 C:\Users\JerryZhang\source\repos\G729decoder\x64\Release\pmediacodecs.lib 和对象 C:\Users\JerryZhang\source\repos\G729decoder\x64\Release\pmediacodecs.exp
  正在生成代码
  Previous IPDB not found, fall back to full compilation.
  All 88 functions were compiled because no usable IPDB/IOBJ from previous compilation was found.
  已完成代码的生成
  G729decoder.vcxproj -> C:\Users\JerryZhang\source\repos\G729decoder\x64\Release\pmediacodecs.dll
