c:\users\jerryzhang\source\repos\g729decoder\x64\release\vc142.pdb
c:\users\jerryzhang\source\repos\g729decoder\x64\release\mediacodecapi.obj
c:\users\jerryzhang\source\repos\g729decoder\x64\release\dllmain.obj
c:\users\jerryzhang\source\repos\g729decoder\x64\release\o_parity.obj
c:\users\jerryzhang\source\repos\g729decoder\x64\release\oper_32b.obj
c:\users\jerryzhang\source\repos\g729decoder\x64\release\lspgetq.obj
c:\users\jerryzhang\source\repos\g729decoder\x64\release\lspdec.obj
c:\users\jerryzhang\source\repos\g729decoder\x64\release\lpcfunc.obj
c:\users\jerryzhang\source\repos\g729decoder\x64\release\lpc.obj
c:\users\jerryzhang\source\repos\g729decoder\x64\release\gainpred.obj
c:\users\jerryzhang\source\repos\g729decoder\x64\release\filter.obj
c:\users\jerryzhang\source\repos\g729decoder\x64\release\dspfunc.obj
c:\users\jerryzhang\source\repos\g729decoder\x64\release\de_acelp.obj
c:\users\jerryzhang\source\repos\g729decoder\x64\release\dec_ld8a.obj
c:\users\jerryzhang\source\repos\g729decoder\x64\release\dec_lag3.obj
c:\users\jerryzhang\source\repos\g729decoder\x64\release\dec_gain.obj
c:\users\jerryzhang\source\repos\g729decoder\x64\release\cor_func.obj
c:\users\jerryzhang\source\repos\g729decoder\x64\release\cod_ld8a.obj
c:\users\jerryzhang\source\repos\g729decoder\x64\release\coder.obj
c:\users\jerryzhang\source\repos\g729decoder\x64\release\bits.obj
c:\users\jerryzhang\source\repos\g729decoder\x64\release\basic_op.obj
c:\users\jerryzhang\source\repos\g729decoder\x64\release\acelp_ca.obj
c:\users\jerryzhang\source\repos\g729decoder\x64\release\g711.obj
c:\users\jerryzhang\source\repos\g729decoder\x64\release\util.obj
c:\users\jerryzhang\source\repos\g729decoder\x64\release\taming.obj
c:\users\jerryzhang\source\repos\g729decoder\x64\release\tab_ld8a.obj
c:\users\jerryzhang\source\repos\g729decoder\x64\release\qua_lsp.obj
c:\users\jerryzhang\source\repos\g729decoder\x64\release\qua_gain.obj
c:\users\jerryzhang\source\repos\g729decoder\x64\release\pre_proc.obj
c:\users\jerryzhang\source\repos\g729decoder\x64\release\pred_lt3.obj
c:\users\jerryzhang\source\repos\g729decoder\x64\release\post_pro.obj
c:\users\jerryzhang\source\repos\g729decoder\x64\release\postfilt.obj
c:\users\jerryzhang\source\repos\g729decoder\x64\release\pitch_a.obj
c:\users\jerryzhang\source\repos\g729decoder\x64\release\pmediacodecs.lib
c:\users\jerryzhang\source\repos\g729decoder\x64\release\pmediacodecs.exp
c:\users\jerryzhang\source\repos\g729decoder\x64\release\pmediacodecs.ipdb
c:\users\jerryzhang\source\repos\g729decoder\x64\release\pmediacodecs.iobj
c:\users\jerryzhang\source\repos\g729decoder\x64\release\vcpkg.applocal.log
c:\users\jerryzhang\source\repos\g729decoder\x64\release\pmediacodecs.dll
c:\users\jerryzhang\source\repos\g729decoder\x64\release\pmediacodecs.pdb
c:\users\jerryzhang\source\repos\g729decoder\x64\release\g729decoder.tlog\cl.command.1.tlog
c:\users\jerryzhang\source\repos\g729decoder\x64\release\g729decoder.tlog\cl.read.1.tlog
c:\users\jerryzhang\source\repos\g729decoder\x64\release\g729decoder.tlog\cl.write.1.tlog
c:\users\jerryzhang\source\repos\g729decoder\x64\release\g729decoder.tlog\g729decoder.write.1u.tlog
c:\users\jerryzhang\source\repos\g729decoder\x64\release\g729decoder.tlog\link.command.1.tlog
c:\users\jerryzhang\source\repos\g729decoder\x64\release\g729decoder.tlog\link.read.1.tlog
c:\users\jerryzhang\source\repos\g729decoder\x64\release\g729decoder.tlog\link.write.1.tlog
